This is pdfTeX, Version 3.14159265-2.6-1.40.21 (TeX Live 2020) (preloaded format=pdflatex 2021.1.18)  5 OCT 2025 16:32
entering extended mode
 restricted \write18 enabled.
 %&-line parsing enabled.
**uvod_bilance_teorie.tex
(./uvod_bilance_teorie.tex
LaTeX2e <2020-02-02> patch level 5
L3 programming layer <2020-03-06>
(/usr/local/texlive/2020/texmf-dist/tex/latex/base/article.cls
Document Class: article 2019/12/20 v1.4l Standard LaTeX document class
(/usr/local/texlive/2020/texmf-dist/tex/latex/base/size11.clo
File: size11.clo 2019/12/20 v1.4l Standard LaTeX file (size option)
)
\c@part=\count167
\c@section=\count168
\c@subsection=\count169
\c@subsubsection=\count170
\c@paragraph=\count171
\c@subparagraph=\count172
\c@figure=\count173
\c@table=\count174
\abovecaptionskip=\skip47
\belowcaptionskip=\skip48
\bibindent=\dimen134
)
(/usr/local/texlive/2020/texmf-dist/tex/latex/geometry/geometry.sty
Package: geometry 2020/01/02 v5.9 Page Geometry

(/usr/local/texlive/2020/texmf-dist/tex/latex/graphics/keyval.sty
Package: keyval 2014/10/28 v1.15 key=value parser (DPC)
\KV@toks@=\toks15
)
(/usr/local/texlive/2020/texmf-dist/tex/generic/iftex/ifvtex.sty
Package: ifvtex 2019/10/25 v1.7 ifvtex legacy package. Use iftex instead.

(/usr/local/texlive/2020/texmf-dist/tex/generic/iftex/iftex.sty
Package: iftex 2020/03/06 v1.0d TeX engine tests
))
\Gm@cnth=\count175
\Gm@cntv=\count176
\c@Gm@tempcnt=\count177
\Gm@bindingoffset=\dimen135
\Gm@wd@mp=\dimen136
\Gm@odd@mp=\dimen137
\Gm@even@mp=\dimen138
\Gm@layoutwidth=\dimen139
\Gm@layoutheight=\dimen140
\Gm@layouthoffset=\dimen141
\Gm@layoutvoffset=\dimen142
\Gm@dimlist=\toks16
)
(/usr/local/texlive/2020/texmf-dist/tex/latex/base/fontenc.sty
Package: fontenc 2020/02/11 v2.0o Standard LaTeX package
)
(/usr/local/texlive/2020/texmf-dist/tex/latex/base/inputenc.sty
Package: inputenc 2018/08/11 v1.3c Input encoding file
\inpenc@prehook=\toks17
\inpenc@posthook=\toks18
)
(/usr/local/texlive/2020/texmf-dist/tex/generic/babel/babel.sty
Package: babel 2020/03/22 3.42 The Babel package

(/usr/local/texlive/2020/texmf-dist/tex/generic/babel/switch.def
File: switch.def 2020/03/22 3.42 Babel switching mechanism
)
(/usr/local/texlive/2020/texmf-dist/tex/generic/babel-czech/czech.ldf
Language: czech 2008/07/06 v3.1a Czech support from the babel system

(/usr/local/texlive/2020/texmf-dist/tex/generic/babel/babel.def
File: babel.def 2020/03/22 3.42 Babel common definitions
\babel@savecnt=\count178
\U@D=\dimen143

(/usr/local/texlive/2020/texmf-dist/tex/generic/babel/txtbabel.def)
\bbl@readstream=\read2
\bbl@dirlevel=\count179
)
Package babel Info: Making " an active character on input line 172.
\cs@wordlen=\count180
Package babel Info: Making - an active character on input line 226.
))
(/usr/local/texlive/2020/texmf-dist/tex/latex/amsmath/amsmath.sty
Package: amsmath 2020/01/20 v2.17e AMS math features
\@mathmargin=\skip49

For additional information on amsmath, use the `?' option.
(/usr/local/texlive/2020/texmf-dist/tex/latex/amsmath/amstext.sty
Package: amstext 2000/06/29 v2.01 AMS text

(/usr/local/texlive/2020/texmf-dist/tex/latex/amsmath/amsgen.sty
File: amsgen.sty 1999/11/30 v2.0 generic functions
\@emptytoks=\toks19
\ex@=\dimen144
))
(/usr/local/texlive/2020/texmf-dist/tex/latex/amsmath/amsbsy.sty
Package: amsbsy 1999/11/29 v1.2d Bold Symbols
\pmbraise@=\dimen145
)
(/usr/local/texlive/2020/texmf-dist/tex/latex/amsmath/amsopn.sty
Package: amsopn 2016/03/08 v2.02 operator names
)
\inf@bad=\count181
LaTeX Info: Redefining \frac on input line 227.
\uproot@=\count182
\leftroot@=\count183
LaTeX Info: Redefining \overline on input line 389.
\classnum@=\count184
\DOTSCASE@=\count185
LaTeX Info: Redefining \ldots on input line 486.
LaTeX Info: Redefining \dots on input line 489.
LaTeX Info: Redefining \cdots on input line 610.
\Mathstrutbox@=\box45
\strutbox@=\box46
\big@size=\dimen146
LaTeX Font Info:    Redeclaring font encoding OML on input line 733.
LaTeX Font Info:    Redeclaring font encoding OMS on input line 734.
\macc@depth=\count186
\c@MaxMatrixCols=\count187
\dotsspace@=\muskip16
\c@parentequation=\count188
\dspbrk@lvl=\count189
\tag@help=\toks20
\row@=\count190
\column@=\count191
\maxfields@=\count192
\andhelp@=\toks21
\eqnshift@=\dimen147
\alignsep@=\dimen148
\tagshift@=\dimen149
\tagwidth@=\dimen150
\totwidth@=\dimen151
\lineht@=\dimen152
\@envbody=\toks22
\multlinegap=\skip50
\multlinetaggap=\skip51
\mathdisplay@stack=\toks23
LaTeX Info: Redefining \[ on input line 2859.
LaTeX Info: Redefining \] on input line 2860.
)
(/usr/local/texlive/2020/texmf-dist/tex/latex/booktabs/booktabs.sty
Package: booktabs 2020/01/12 v1.61803398 Publication quality tables
\heavyrulewidth=\dimen153
\lightrulewidth=\dimen154
\cmidrulewidth=\dimen155
\belowrulesep=\dimen156
\belowbottomsep=\dimen157
\aboverulesep=\dimen158
\abovetopsep=\dimen159
\cmidrulesep=\dimen160
\cmidrulekern=\dimen161
\defaultaddspace=\dimen162
\@cmidla=\count193
\@cmidlb=\count194
\@aboverulesep=\dimen163
\@belowrulesep=\dimen164
\@thisruleclass=\count195
\@lastruleclass=\count196
\@thisrulewidth=\dimen165
)
(/usr/local/texlive/2020/texmf-dist/tex/latex/tools/longtable.sty
Package: longtable 2020/01/07 v4.13 Multi-page Table package (DPC)
\LTleft=\skip52
\LTright=\skip53
\LTpre=\skip54
\LTpost=\skip55
\LTchunksize=\count197
\LTcapwidth=\dimen166
\LT@head=\box47
\LT@firsthead=\box48
\LT@foot=\box49
\LT@lastfoot=\box50
\LT@cols=\count198
\LT@rows=\count199
\c@LT@tables=\count266
\c@LT@chunks=\count267
\LT@p@ftn=\toks24
)
(/usr/local/texlive/2020/texmf-dist/tex/latex/l3backend/l3backend-pdfmode.def
File: l3backend-pdfmode.def 2020-03-12 L3 backend support: PDF mode
\l__kernel_color_stack_int=\count268
\l__pdf_internal_box=\box51
)
(./uvod_bilance_teorie.aux)
\openout1 = `uvod_bilance_teorie.aux'.

LaTeX Font Info:    Checking defaults for OML/cmm/m/it on input line 14.
LaTeX Font Info:    ... okay on input line 14.
LaTeX Font Info:    Checking defaults for OMS/cmsy/m/n on input line 14.
LaTeX Font Info:    ... okay on input line 14.
LaTeX Font Info:    Checking defaults for OT1/cmr/m/n on input line 14.
LaTeX Font Info:    ... okay on input line 14.
LaTeX Font Info:    Checking defaults for T1/cmr/m/n on input line 14.
LaTeX Font Info:    ... okay on input line 14.
LaTeX Font Info:    Checking defaults for TS1/cmr/m/n on input line 14.
LaTeX Font Info:    ... okay on input line 14.
LaTeX Font Info:    Checking defaults for OMX/cmex/m/n on input line 14.
LaTeX Font Info:    ... okay on input line 14.
LaTeX Font Info:    Checking defaults for U/cmr/m/n on input line 14.
LaTeX Font Info:    ... okay on input line 14.

*geometry* driver: auto-detecting
*geometry* detected driver: pdftex
*geometry* verbose mode - [ preamble ] result:
* driver: pdftex
* paper: a4paper
* layout: <same size as paper>
* layoutoffset:(h,v)=(0.0pt,0.0pt)
* modes: 
* h-part:(L,W,R)=(71.13188pt, 455.24411pt, 71.13188pt)
* v-part:(T,H,B)=(71.13188pt, 702.78308pt, 71.13188pt)
* \paperwidth=597.50787pt
* \paperheight=845.04684pt
* \textwidth=455.24411pt
* \textheight=702.78308pt
* \oddsidemargin=-1.1381pt
* \evensidemargin=-1.1381pt
* \topmargin=-38.1381pt
* \headheight=12.0pt
* \headsep=25.0pt
* \topskip=11.0pt
* \footskip=30.0pt
* \marginparwidth=50.0pt
* \marginparsep=10.0pt
* \columnsep=10.0pt
* \skip\footins=10.0pt plus 4.0pt minus 2.0pt
* \hoffset=0.0pt
* \voffset=0.0pt
* \mag=1000
* \@twocolumnfalse
* \@twosidefalse
* \@mparswitchfalse
* \@reversemarginfalse
* (1in=72.27pt=25.4mm, 1cm=28.453pt)


LaTeX Warning: Command \textdegree invalid in math mode on input line 34.


LaTeX Warning: Command \textdegree invalid in math mode on input line 34.

Missing character: There is no ° in font cmr10!

LaTeX Warning: Command \textdegree invalid in math mode on input line 35.


LaTeX Warning: Command \textdegree invalid in math mode on input line 35.


LaTeX Warning: Command \textdegree invalid in math mode on input line 35.


LaTeX Warning: Command \textdegree invalid in math mode on input line 35.

Missing character: There is no ° in font cmr10!
Missing character: There is no ° in font cmr10!
[1

{/usr/local/texlive/2020/texmf-var/fonts/map/pdftex/updmap/pdftex.map}]
Underfull \vbox (badness 10000) detected at line 89
 []


Underfull \vbox (badness 10000) detected at line 108
 []


LaTeX Warning: Command \' invalid in math mode on input line 113.

Missing character: There is no á in font cmr8!

LaTeX Warning: Command \' invalid in math mode on input line 122.

Missing character: There is no á in font cmr8!

Underfull \vbox (badness 10000) detected at line 126
 []

[2

]

LaTeX Warning: Command \' invalid in math mode on input line 145.

Missing character: There is no ý in font cmr8!

LaTeX Warning: Command \' invalid in math mode on input line 160.


LaTeX Warning: Command \' invalid in math mode on input line 160.

Missing character: There is no ý in font cmr8!
Missing character: There is no ý in font cmr8!
[3

]
Underfull \vbox (badness 10000) detected at line 200
 []

[4

]
Underfull \vbox (badness 10000) detected at line 224
 []


Underfull \vbox (badness 10000) detected at line 244
 []

[5

]

LaTeX Warning: Command \' invalid in math mode on input line 269.


LaTeX Warning: Command \' invalid in math mode on input line 269.

Missing character: There is no ý in font cmr8!
Missing character: There is no ý in font cmr8!

LaTeX Warning: Command \' invalid in math mode on input line 273.

Missing character: There is no ý in font cmr8!

LaTeX Warning: Command \' invalid in math mode on input line 275.

Missing character: There is no ý in font cmr8!
[6

]
Underfull \vbox (badness 10000) detected at line 296
 []

[7

] [8

] (./uvod_bilance_teorie.aux) ) 
Here is how much of TeX's memory you used:
 2674 strings out of 480608
 35422 string characters out of 5903630
 298010 words of memory out of 5000000
 18565 multiletter control sequences out of 15000+600000
 544507 words of font info for 51 fonts, out of 8000000 for 9000
 1141 hyphenation exceptions out of 8191
 30i,6n,34p,236b,189s stack positions out of 5000i,500n,10000p,200000b,80000s
{/usr/local/texlive/2020/texmf-dist/fonts/enc/dv
ips/cm-super/cm-super-ts1.enc}{/usr/local/texlive/2020/texmf-dist/fonts/enc/dvi
ps/cm-super/cm-super-t1.enc}</usr/local/texlive/2020/texmf-dist/fonts/type1/pub
lic/amsfonts/cm/cmmi10.pfb></usr/local/texlive/2020/texmf-dist/fonts/type1/publ
ic/amsfonts/cm/cmmi8.pfb></usr/local/texlive/2020/texmf-dist/fonts/type1/public
/amsfonts/cm/cmr10.pfb></usr/local/texlive/2020/texmf-dist/fonts/type1/public/a
msfonts/cm/cmr8.pfb></usr/local/texlive/2020/texmf-dist/fonts/type1/public/amsf
onts/cm/cmsy10.pfb></usr/local/texlive/2020/texmf-dist/fonts/type1/public/cm-su
per/sfbx1095.pfb></usr/local/texlive/2020/texmf-dist/fonts/type1/public/cm-supe
r/sfbx1200.pfb></usr/local/texlive/2020/texmf-dist/fonts/type1/public/cm-super/
sfbx1440.pfb></usr/local/texlive/2020/texmf-dist/fonts/type1/public/cm-super/sf
rm1095.pfb></usr/local/texlive/2020/texmf-dist/fonts/type1/public/cm-super/sfrm
1200.pfb></usr/local/texlive/2020/texmf-dist/fonts/type1/public/cm-super/sfrm17
28.pfb>
Output written on uvod_bilance_teorie.pdf (8 pages, 178872 bytes).
PDF statistics:
 81 PDF objects out of 1000 (max. 8388607)
 59 compressed objects within 1 object stream
 0 named destinations out of 1000 (max. 500000)
 1 words of extra memory for PDF output out of 10000 (max. 10000000)

